<?xml version="1.0" encoding="UTF-8"?>
<testsuite xmlns:xsi="http://www.w3.org/2001/XMLSchema-instance" xsi:noNamespaceSchemaLocation="https://maven.apache.org/surefire/maven-surefire-plugin/xsd/surefire-test-report-3.0.xsd" version="3.0" name="com.bookstore.bookstore.controller.BookControllerIntegrationTest" time="1.675" tests="5" errors="0" skipped="0" failures="0">
  <properties>
[...]
</properties>
  <testcase name="createBook_ShouldReturnCreated" classname="com.bookstore.bookstore.controller.BookControllerIntegrationTest" time="0.377">
    <system-out><![CDATA[2024-08-27T17:25:54.946+05:30  INFO 12080 --- [bookstore] [           main] t.c.s.AnnotationConfigContextLoaderUtils : Could not detect default configuration classes for test class [com.bookstore.bookstore.controller.BookControllerIntegrationTest]: BookControllerIntegrationTest does not declare any static, non-private, non-final, nested classes annotated with @Configuration.
2024-08-27T17:25:54.961+05:30  INFO 12080 --- [bookstore] [           main] .b.t.c.SpringBootTestContextBootstrapper : Found @SpringBootConfiguration com.bookstore.bookstore.BookstoreApplication for test class com.bookstore.bookstore.controller.BookControllerIntegrationTest
2024-08-27T17:25:54.965+05:30  INFO 12080 --- [bookstore] [           main] o.s.b.d.r.RestartApplicationListener     : Restart disabled due to context in which it is running

  .   ____          _            __ _ _
 /\\ / ___'_ __ _ _(_)_ __  __ _ \ \ \ \
( ( )\___ | '_ | '_| | '_ \/ _` | \ \ \ \
 \\/  ___)| |_)| | | | | || (_| |  ) ) ) )
  '  |____| .__|_| |_|_| |_\__, | / / / /
 =========|_|==============|___/=/_/_/_/

 :: Spring Boot ::                (v3.3.2)

2024-08-27T17:25:54.994+05:30  INFO 12080 --- [bookstore] [           main] c.b.b.c.BookControllerIntegrationTest    : Starting BookControllerIntegrationTest using Java 21.0.4 with PID 12080 (started by Arghya in D:\_JAVA_\Exercise_14)
2024-08-27T17:25:54.994+05:30  INFO 12080 --- [bookstore] [           main] c.b.b.c.BookControllerIntegrationTest    : The following 1 profile is active: "test"
2024-08-27T17:25:55.248+05:30  INFO 12080 --- [bookstore] [           main] .s.d.r.c.RepositoryConfigurationDelegate : Bootstrapping Spring Data JPA repositories in DEFAULT mode.
2024-08-27T17:25:55.258+05:30  INFO 12080 --- [bookstore] [           main] .s.d.r.c.RepositoryConfigurationDelegate : Finished Spring Data repository scanning in 9 ms. Found 2 JPA repository interfaces.
2024-08-27T17:25:55.360+05:30  INFO 12080 --- [bookstore] [           main] com.zaxxer.hikari.HikariDataSource       : HikariPool-2 - Starting...
2024-08-27T17:25:55.362+05:30  INFO 12080 --- [bookstore] [           main] com.zaxxer.hikari.pool.HikariPool        : HikariPool-2 - Added connection conn10: url=jdbc:h2:mem:testdb user=SA
2024-08-27T17:25:55.362+05:30  INFO 12080 --- [bookstore] [           main] com.zaxxer.hikari.HikariDataSource       : HikariPool-2 - Start completed.
2024-08-27T17:25:55.363+05:30  INFO 12080 --- [bookstore] [           main] o.hibernate.jpa.internal.util.LogHelper  : HHH000204: Processing PersistenceUnitInfo [name: default]
2024-08-27T17:25:55.365+05:30  INFO 12080 --- [bookstore] [           main] o.h.c.internal.RegionFactoryInitiator    : HHH000026: Second-level cache disabled
2024-08-27T17:25:55.372+05:30  INFO 12080 --- [bookstore] [           main] o.s.o.j.p.SpringPersistenceUnitInfo      : No LoadTimeWeaver setup: ignoring JPA class transformer
2024-08-27T17:25:55.374+05:30  WARN 12080 --- [bookstore] [           main] org.hibernate.orm.deprecation            : HHH90000025: H2Dialect does not need to be specified explicitly using 'hibernate.dialect' (remove the property setting and it will be selected by default)
2024-08-27T17:25:55.422+05:30  INFO 12080 --- [bookstore] [           main] o.h.e.t.j.p.i.JtaPlatformInitiator       : HHH000489: No JTA platform available (set 'hibernate.transaction.jta.platform' to enable JTA platform integration)
2024-08-27T17:25:55.427+05:30  INFO 12080 --- [bookstore] [           main] j.LocalContainerEntityManagerFactoryBean : Initialized JPA EntityManagerFactory for persistence unit 'default'
2024-08-27T17:25:55.515+05:30  INFO 12080 --- [bookstore] [           main] r$InitializeUserDetailsManagerConfigurer : Global AuthenticationManager configured with UserDetailsService bean with name userDetailsService
2024-08-27T17:25:55.607+05:30  WARN 12080 --- [bookstore] [           main] JpaBaseConfiguration$JpaWebConfiguration : spring.jpa.open-in-view is enabled by default. Therefore, database queries may be performed during view rendering. Explicitly configure spring.jpa.open-in-view to disable this warning
2024-08-27T17:25:55.811+05:30  INFO 12080 --- [bookstore] [           main] o.s.b.a.e.web.EndpointLinksResolver      : Exposing 14 endpoints beneath base path '/actuator'
2024-08-27T17:25:55.983+05:30  INFO 12080 --- [bookstore] [           main] o.s.b.a.h2.H2ConsoleAutoConfiguration    : H2 console available at '/h2-console'. Database available at 'jdbc:h2:mem:testdb'
2024-08-27T17:25:56.037+05:30  INFO 12080 --- [bookstore] [           main] o.s.b.t.m.w.SpringBootMockServletContext : Initializing Spring TestDispatcherServlet ''
2024-08-27T17:25:56.037+05:30  INFO 12080 --- [bookstore] [           main] o.s.t.web.servlet.TestDispatcherServlet  : Initializing Servlet ''
2024-08-27T17:25:56.038+05:30  INFO 12080 --- [bookstore] [           main] o.s.t.web.servlet.TestDispatcherServlet  : Completed initialization in 1 ms
2024-08-27T17:25:56.058+05:30  INFO 12080 --- [bookstore] [           main] c.b.b.c.BookControllerIntegrationTest    : Started BookControllerIntegrationTest in 1.094 seconds (process running for 7.394)
2024-08-27T17:25:56.163+05:30  INFO 12080 --- [bookstore] [           main] o.s.web.filter.OncePerRequestFilter      :  Header :  null
2024-08-27T17:25:56.163+05:30  INFO 12080 --- [bookstore] [           main] o.s.web.filter.OncePerRequestFilter      : Invalid Header Value !! 
2024-08-27T17:25:56.390+05:30  INFO 12080 --- [bookstore] [           main] o.s.web.filter.OncePerRequestFilter      :  Header :  Bearer eyJhbGciOiJIUzUxMiJ9.eyJzdWIiOiJBcmdoeWEiLCJpYXQiOjE3MjQ3NTk3NTYsImV4cCI6MTcyNDc3Nzc1Nn0.SwiPgvoFea7aZDGzKAvupwtn-zRoC1YNO3Qv0oB8YctG-pCBFaad4vaH5RTZKpHKzaIIXzQLFYhZvj5O5Rw5RQ
]]></system-out>
  </testcase>
  <testcase name="testGetAllBooks" classname="com.bookstore.bookstore.controller.BookControllerIntegrationTest" time="0.007">
    <system-out><![CDATA[2024-08-27T17:25:56.453+05:30  INFO 12080 --- [bookstore] [           main] o.s.web.filter.OncePerRequestFilter      :  Header :  null
2024-08-27T17:25:56.453+05:30  INFO 12080 --- [bookstore] [           main] o.s.web.filter.OncePerRequestFilter      : Invalid Header Value !! 
]]></system-out>
  </testcase>
  <testcase name="testUpdateBook" classname="com.bookstore.bookstore.controller.BookControllerIntegrationTest" time="0.007">
    <system-out><![CDATA[2024-08-27T17:25:56.463+05:30  INFO 12080 --- [bookstore] [           main] o.s.web.filter.OncePerRequestFilter      :  Header :  null
2024-08-27T17:25:56.463+05:30  INFO 12080 --- [bookstore] [           main] o.s.web.filter.OncePerRequestFilter      : Invalid Header Value !! 
]]></system-out>
  </testcase>
  <testcase name="testDeleteBook" classname="com.bookstore.bookstore.controller.BookControllerIntegrationTest" time="0.146">
    <system-out><![CDATA[2024-08-27T17:25:56.471+05:30  INFO 12080 --- [bookstore] [           main] o.s.web.filter.OncePerRequestFilter      :  Header :  null
2024-08-27T17:25:56.471+05:30  INFO 12080 --- [bookstore] [           main] o.s.web.filter.OncePerRequestFilter      : Invalid Header Value !! 
2024-08-27T17:25:56.536+05:30  INFO 12080 --- [bookstore] [           main] o.s.web.filter.OncePerRequestFilter      :  Header :  Bearer eyJhbGciOiJIUzUxMiJ9.eyJzdWIiOiJBcmdoeWEiLCJpYXQiOjE3MjQ3NTk3NTYsImV4cCI6MTcyNDc3Nzc1Nn0.SwiPgvoFea7aZDGzKAvupwtn-zRoC1YNO3Qv0oB8YctG-pCBFaad4vaH5RTZKpHKzaIIXzQLFYhZvj5O5Rw5RQ
2024-08-27T17:25:56.600+05:30  INFO 12080 --- [bookstore] [           main] o.s.web.filter.OncePerRequestFilter      :  Header :  Bearer eyJhbGciOiJIUzUxMiJ9.eyJzdWIiOiJBcmdoeWEiLCJpYXQiOjE3MjQ3NTk3NTYsImV4cCI6MTcyNDc3Nzc1Nn0.SwiPgvoFea7aZDGzKAvupwtn-zRoC1YNO3Qv0oB8YctG-pCBFaad4vaH5RTZKpHKzaIIXzQLFYhZvj5O5Rw5RQ
]]></system-out>
  </testcase>
  <testcase name="contextLoads" classname="com.bookstore.bookstore.controller.BookControllerIntegrationTest" time="0.004"/>
</testsuite>